<?xml version="1.0" encoding="UTF-8"?>
<testsuite name="com.example.jpaProject.JpaProjectApplicationTests" tests="1" skipped="0" failures="0" errors="0" timestamp="2024-01-08T08:54:21" hostname="wonkiui-MacBookAir.local" time="0.381">
  <properties/>
  <testcase name="contextLoads()" classname="com.example.jpaProject.JpaProjectApplicationTests" time="0.381"/>
  <system-out><![CDATA[17:54:18.967 [Test worker] INFO org.springframework.test.context.support.AnnotationConfigContextLoaderUtils -- Could not detect default configuration classes for test class [com.example.jpaProject.JpaProjectApplicationTests]: JpaProjectApplicationTests does not declare any static, non-private, non-final, nested classes annotated with @Configuration.
17:54:18.972 [Test worker] INFO org.springframework.boot.test.context.SpringBootTestContextBootstrapper -- Found @SpringBootConfiguration com.example.jpaProject.JpaProjectApplication for test class com.example.jpaProject.JpaProjectApplicationTests

  .   ____          _            __ _ _
 /\\ / ___'_ __ _ _(_)_ __  __ _ \ \ \ \
( ( )\___ | '_ | '_| | '_ \/ _` | \ \ \ \
 \\/  ___)| |_)| | | | | || (_| |  ) ) ) )
  '  |____| .__|_| |_|_| |_\__, | / / / /
 =========|_|==============|___/=/_/_/_/
 :: Spring Boot ::                (v3.1.6)

2024-01-08T17:54:19.166+09:00  INFO 50695 --- [    Test worker] c.e.j.JpaProjectApplicationTests         : Starting JpaProjectApplicationTests using Java 17.0.9 with PID 50695 (started by wonki in /Users/wonki/Documents/study/jpaProject)
2024-01-08T17:54:19.167+09:00  INFO 50695 --- [    Test worker] c.e.j.JpaProjectApplicationTests         : No active profile set, falling back to 1 default profile: "default"
2024-01-08T17:54:19.524+09:00  INFO 50695 --- [    Test worker] .s.d.r.c.RepositoryConfigurationDelegate : Bootstrapping Spring Data JPA repositories in DEFAULT mode.
2024-01-08T17:54:19.537+09:00  INFO 50695 --- [    Test worker] .s.d.r.c.RepositoryConfigurationDelegate : Finished Spring Data repository scanning in 8 ms. Found 0 JPA repository interfaces.
2024-01-08T17:54:19.831+09:00  INFO 50695 --- [    Test worker] o.hibernate.jpa.internal.util.LogHelper  : HHH000204: Processing PersistenceUnitInfo [name: default]
2024-01-08T17:54:19.862+09:00  INFO 50695 --- [    Test worker] org.hibernate.Version                    : HHH000412: Hibernate ORM core version 6.2.13.Final
2024-01-08T17:54:19.864+09:00  INFO 50695 --- [    Test worker] org.hibernate.cfg.Environment            : HHH000406: Using bytecode reflection optimizer
2024-01-08T17:54:20.022+09:00  INFO 50695 --- [    Test worker] o.s.o.j.p.SpringPersistenceUnitInfo      : No LoadTimeWeaver setup: ignoring JPA class transformer
2024-01-08T17:54:20.039+09:00  INFO 50695 --- [    Test worker] com.zaxxer.hikari.HikariDataSource       : HikariPool-1 - Starting...
2024-01-08T17:54:20.152+09:00  INFO 50695 --- [    Test worker] com.zaxxer.hikari.pool.HikariPool        : HikariPool-1 - Added connection conn0: url=jdbc:h2:mem:testdb user=SA
2024-01-08T17:54:20.153+09:00  INFO 50695 --- [    Test worker] com.zaxxer.hikari.HikariDataSource       : HikariPool-1 - Start completed.
2024-01-08T17:54:20.350+09:00  INFO 50695 --- [    Test worker] p6spy                                    : #1704704060350 | took 4ms | statement | connection 1| url jdbc:h2:mem:testdb
select * from INFORMATION_SCHEMA.SEQUENCES
select * from INFORMATION_SCHEMA.SEQUENCES;
2024-01-08T17:54:20.847+09:00  INFO 50695 --- [    Test worker] o.h.e.t.j.p.i.JtaPlatformInitiator       : HHH000489: No JTA platform available (set 'hibernate.transaction.jta.platform' to enable JTA platform integration)
2024-01-08T17:54:20.857+09:00 DEBUG 50695 --- [    Test worker] org.hibernate.SQL                        : 
    drop table if exists category cascade 
2024-01-08T17:54:20.859+09:00  INFO 50695 --- [    Test worker] p6spy                                    : #1704704060859 | took 0ms | statement | connection 2| url jdbc:h2:mem:testdb

    drop table if exists category cascade 

    drop table if exists category cascade ;
2024-01-08T17:54:20.859+09:00 DEBUG 50695 --- [    Test worker] org.hibernate.SQL                        : 
    drop table if exists category_item cascade 
2024-01-08T17:54:20.859+09:00  INFO 50695 --- [    Test worker] p6spy                                    : #1704704060859 | took 0ms | statement | connection 2| url jdbc:h2:mem:testdb

    drop table if exists category_item cascade 

    drop table if exists category_item cascade ;
2024-01-08T17:54:20.859+09:00 DEBUG 50695 --- [    Test worker] org.hibernate.SQL                        : 
    drop table if exists delivery cascade 
2024-01-08T17:54:20.860+09:00  INFO 50695 --- [    Test worker] p6spy                                    : #1704704060860 | took 0ms | statement | connection 2| url jdbc:h2:mem:testdb

    drop table if exists delivery cascade 

    drop table if exists delivery cascade ;
2024-01-08T17:54:20.860+09:00 DEBUG 50695 --- [    Test worker] org.hibernate.SQL                        : 
    drop table if exists item cascade 
2024-01-08T17:54:20.860+09:00  INFO 50695 --- [    Test worker] p6spy                                    : #1704704060860 | took 0ms | statement | connection 2| url jdbc:h2:mem:testdb

    drop table if exists item cascade 

    drop table if exists item cascade ;
2024-01-08T17:54:20.860+09:00 DEBUG 50695 --- [    Test worker] org.hibernate.SQL                        : 
    drop table if exists member cascade 
2024-01-08T17:54:20.860+09:00  INFO 50695 --- [    Test worker] p6spy                                    : #1704704060860 | took 0ms | statement | connection 2| url jdbc:h2:mem:testdb

    drop table if exists member cascade 

    drop table if exists member cascade ;
2024-01-08T17:54:20.860+09:00 DEBUG 50695 --- [    Test worker] org.hibernate.SQL                        : 
    drop table if exists order_item cascade 
2024-01-08T17:54:20.860+09:00  INFO 50695 --- [    Test worker] p6spy                                    : #1704704060860 | took 0ms | statement | connection 2| url jdbc:h2:mem:testdb

    drop table if exists order_item cascade 

    drop table if exists order_item cascade ;
2024-01-08T17:54:20.861+09:00 DEBUG 50695 --- [    Test worker] org.hibernate.SQL                        : 
    drop table if exists orders cascade 
2024-01-08T17:54:20.861+09:00  INFO 50695 --- [    Test worker] p6spy                                    : #1704704060861 | took 0ms | statement | connection 2| url jdbc:h2:mem:testdb

    drop table if exists orders cascade 

    drop table if exists orders cascade ;
2024-01-08T17:54:20.861+09:00 DEBUG 50695 --- [    Test worker] org.hibernate.SQL                        : 
    drop sequence if exists category_seq
2024-01-08T17:54:20.861+09:00  INFO 50695 --- [    Test worker] p6spy                                    : #1704704060861 | took 0ms | statement | connection 2| url jdbc:h2:mem:testdb

    drop sequence if exists category_seq

    drop sequence if exists category_seq;
2024-01-08T17:54:20.862+09:00 DEBUG 50695 --- [    Test worker] org.hibernate.SQL                        : 
    drop sequence if exists delivery_seq
2024-01-08T17:54:20.862+09:00  INFO 50695 --- [    Test worker] p6spy                                    : #1704704060862 | took 0ms | statement | connection 2| url jdbc:h2:mem:testdb

    drop sequence if exists delivery_seq

    drop sequence if exists delivery_seq;
2024-01-08T17:54:20.862+09:00 DEBUG 50695 --- [    Test worker] org.hibernate.SQL                        : 
    drop sequence if exists item_seq
2024-01-08T17:54:20.862+09:00  INFO 50695 --- [    Test worker] p6spy                                    : #1704704060862 | took 0ms | statement | connection 2| url jdbc:h2:mem:testdb

    drop sequence if exists item_seq

    drop sequence if exists item_seq;
2024-01-08T17:54:20.862+09:00 DEBUG 50695 --- [    Test worker] org.hibernate.SQL                        : 
    drop sequence if exists member_seq
2024-01-08T17:54:20.862+09:00  INFO 50695 --- [    Test worker] p6spy                                    : #1704704060862 | took 0ms | statement | connection 2| url jdbc:h2:mem:testdb

    drop sequence if exists member_seq

    drop sequence if exists member_seq;
2024-01-08T17:54:20.863+09:00 DEBUG 50695 --- [    Test worker] org.hibernate.SQL                        : 
    drop sequence if exists order_item_seq
2024-01-08T17:54:20.863+09:00  INFO 50695 --- [    Test worker] p6spy                                    : #1704704060863 | took 0ms | statement | connection 2| url jdbc:h2:mem:testdb

    drop sequence if exists order_item_seq

    drop sequence if exists order_item_seq;
2024-01-08T17:54:20.863+09:00 DEBUG 50695 --- [    Test worker] org.hibernate.SQL                        : 
    drop sequence if exists orders_seq
2024-01-08T17:54:20.863+09:00  INFO 50695 --- [    Test worker] p6spy                                    : #1704704060863 | took 0ms | statement | connection 2| url jdbc:h2:mem:testdb

    drop sequence if exists orders_seq

    drop sequence if exists orders_seq;
2024-01-08T17:54:20.867+09:00 DEBUG 50695 --- [    Test worker] org.hibernate.SQL                        : 
    create sequence category_seq start with 1 increment by 50
2024-01-08T17:54:20.869+09:00  INFO 50695 --- [    Test worker] p6spy                                    : #1704704060869 | took 1ms | statement | connection 3| url jdbc:h2:mem:testdb

    create sequence category_seq start with 1 increment by 50

    create sequence category_seq start with 1 increment by 50;
2024-01-08T17:54:20.869+09:00 DEBUG 50695 --- [    Test worker] org.hibernate.SQL                        : 
    create sequence delivery_seq start with 1 increment by 50
2024-01-08T17:54:20.869+09:00  INFO 50695 --- [    Test worker] p6spy                                    : #1704704060869 | took 0ms | statement | connection 3| url jdbc:h2:mem:testdb

    create sequence delivery_seq start with 1 increment by 50

    create sequence delivery_seq start with 1 increment by 50;
2024-01-08T17:54:20.869+09:00 DEBUG 50695 --- [    Test worker] org.hibernate.SQL                        : 
    create sequence item_seq start with 1 increment by 50
2024-01-08T17:54:20.869+09:00  INFO 50695 --- [    Test worker] p6spy                                    : #1704704060869 | took 0ms | statement | connection 3| url jdbc:h2:mem:testdb

    create sequence item_seq start with 1 increment by 50

    create sequence item_seq start with 1 increment by 50;
2024-01-08T17:54:20.870+09:00 DEBUG 50695 --- [    Test worker] org.hibernate.SQL                        : 
    create sequence member_seq start with 1 increment by 50
2024-01-08T17:54:20.870+09:00  INFO 50695 --- [    Test worker] p6spy                                    : #1704704060870 | took 0ms | statement | connection 3| url jdbc:h2:mem:testdb

    create sequence member_seq start with 1 increment by 50

    create sequence member_seq start with 1 increment by 50;
2024-01-08T17:54:20.870+09:00 DEBUG 50695 --- [    Test worker] org.hibernate.SQL                        : 
    create sequence order_item_seq start with 1 increment by 50
2024-01-08T17:54:20.870+09:00  INFO 50695 --- [    Test worker] p6spy                                    : #1704704060870 | took 0ms | statement | connection 3| url jdbc:h2:mem:testdb

    create sequence order_item_seq start with 1 increment by 50

    create sequence order_item_seq start with 1 increment by 50;
2024-01-08T17:54:20.870+09:00 DEBUG 50695 --- [    Test worker] org.hibernate.SQL                        : 
    create sequence orders_seq start with 1 increment by 50
2024-01-08T17:54:20.871+09:00  INFO 50695 --- [    Test worker] p6spy                                    : #1704704060871 | took 0ms | statement | connection 3| url jdbc:h2:mem:testdb

    create sequence orders_seq start with 1 increment by 50

    create sequence orders_seq start with 1 increment by 50;
2024-01-08T17:54:20.875+09:00 DEBUG 50695 --- [    Test worker] org.hibernate.SQL                        : 
    create table category (
        category_id bigint not null,
        parent_id bigint,
        name varchar(255),
        primary key (category_id)
    )
2024-01-08T17:54:20.878+09:00  INFO 50695 --- [    Test worker] p6spy                                    : #1704704060878 | took 2ms | statement | connection 3| url jdbc:h2:mem:testdb

    create table category (
        category_id bigint not null,
        parent_id bigint,
        name varchar(255),
        primary key (category_id)
    )

    create table category (
        category_id bigint not null,
        parent_id bigint,
        name varchar(255),
        primary key (category_id)
    );
2024-01-08T17:54:20.879+09:00 DEBUG 50695 --- [    Test worker] org.hibernate.SQL                        : 
    create table category_item (
        category_id bigint not null,
        item_id bigint not null
    )
2024-01-08T17:54:20.879+09:00  INFO 50695 --- [    Test worker] p6spy                                    : #1704704060879 | took 0ms | statement | connection 3| url jdbc:h2:mem:testdb

    create table category_item (
        category_id bigint not null,
        item_id bigint not null
    )

    create table category_item (
        category_id bigint not null,
        item_id bigint not null
    );
2024-01-08T17:54:20.880+09:00 DEBUG 50695 --- [    Test worker] org.hibernate.SQL                        : 
    create table delivery (
        delivery_id bigint not null,
        city varchar(255),
        status varchar(255) check (status in ('READY','COMP')),
        street varchar(255),
        zipcode varchar(255),
        primary key (delivery_id)
    )
2024-01-08T17:54:20.881+09:00  INFO 50695 --- [    Test worker] p6spy                                    : #1704704060881 | took 1ms | statement | connection 3| url jdbc:h2:mem:testdb

    create table delivery (
        delivery_id bigint not null,
        city varchar(255),
        status varchar(255) check (status in ('READY','COMP')),
        street varchar(255),
        zipcode varchar(255),
        primary key (delivery_id)
    )

    create table delivery (
        delivery_id bigint not null,
        city varchar(255),
        status varchar(255) check (status in ('READY','COMP')),
        street varchar(255),
        zipcode varchar(255),
        primary key (delivery_id)
    );
2024-01-08T17:54:20.882+09:00 DEBUG 50695 --- [    Test worker] org.hibernate.SQL                        : 
    create table item (
        price integer not null,
        stock_quantity integer not null,
        item_id bigint not null,
        dtype varchar(31) not null,
        actor varchar(255),
        artist varchar(255),
        author varchar(255),
        director varchar(255),
        etc varchar(255),
        isbn varchar(255),
        name varchar(255),
        primary key (item_id)
    )
2024-01-08T17:54:20.883+09:00  INFO 50695 --- [    Test worker] p6spy                                    : #1704704060883 | took 0ms | statement | connection 3| url jdbc:h2:mem:testdb

    create table item (
        price integer not null,
        stock_quantity integer not null,
        item_id bigint not null,
        dtype varchar(31) not null,
        actor varchar(255),
        artist varchar(255),
        author varchar(255),
        director varchar(255),
        etc varchar(255),
        isbn varchar(255),
        name varchar(255),
        primary key (item_id)
    )

    create table item (
        price integer not null,
        stock_quantity integer not null,
        item_id bigint not null,
        dtype varchar(31) not null,
        actor varchar(255),
        artist varchar(255),
        author varchar(255),
        director varchar(255),
        etc varchar(255),
        isbn varchar(255),
        name varchar(255),
        primary key (item_id)
    );
2024-01-08T17:54:20.883+09:00 DEBUG 50695 --- [    Test worker] org.hibernate.SQL                        : 
    create table member (
        member_id bigint not null,
        city varchar(255),
        name varchar(255),
        street varchar(255),
        zipcode varchar(255),
        primary key (member_id)
    )
2024-01-08T17:54:20.884+09:00  INFO 50695 --- [    Test worker] p6spy                                    : #1704704060884 | took 0ms | statement | connection 3| url jdbc:h2:mem:testdb

    create table member (
        member_id bigint not null,
        city varchar(255),
        name varchar(255),
        street varchar(255),
        zipcode varchar(255),
        primary key (member_id)
    )

    create table member (
        member_id bigint not null,
        city varchar(255),
        name varchar(255),
        street varchar(255),
        zipcode varchar(255),
        primary key (member_id)
    );
2024-01-08T17:54:20.885+09:00 DEBUG 50695 --- [    Test worker] org.hibernate.SQL                        : 
    create table order_item (
        count integer not null,
        order_price integer not null,
        item_id bigint,
        order_id bigint,
        order_item_id bigint not null,
        primary key (order_item_id)
    )
2024-01-08T17:54:20.886+09:00  INFO 50695 --- [    Test worker] p6spy                                    : #1704704060886 | took 0ms | statement | connection 3| url jdbc:h2:mem:testdb

    create table order_item (
        count integer not null,
        order_price integer not null,
        item_id bigint,
        order_id bigint,
        order_item_id bigint not null,
        primary key (order_item_id)
    )

    create table order_item (
        count integer not null,
        order_price integer not null,
        item_id bigint,
        order_id bigint,
        order_item_id bigint not null,
        primary key (order_item_id)
    );
2024-01-08T17:54:20.887+09:00 DEBUG 50695 --- [    Test worker] org.hibernate.SQL                        : 
    create table orders (
        order_date date,
        delivery_id bigint unique,
        member_id bigint,
        order_id bigint not null,
        status varchar(255) check (status in ('ORDER','CANCEL')),
        primary key (order_id)
    )
2024-01-08T17:54:20.889+09:00  INFO 50695 --- [    Test worker] p6spy                                    : #1704704060889 | took 1ms | statement | connection 3| url jdbc:h2:mem:testdb

    create table orders (
        order_date date,
        delivery_id bigint unique,
        member_id bigint,
        order_id bigint not null,
        status varchar(255) check (status in ('ORDER','CANCEL')),
        primary key (order_id)
    )

    create table orders (
        order_date date,
        delivery_id bigint unique,
        member_id bigint,
        order_id bigint not null,
        status varchar(255) check (status in ('ORDER','CANCEL')),
        primary key (order_id)
    );
2024-01-08T17:54:20.889+09:00 DEBUG 50695 --- [    Test worker] org.hibernate.SQL                        : 
    alter table if exists category 
       add constraint FK2y94svpmqttx80mshyny85wqr 
       foreign key (parent_id) 
       references category
2024-01-08T17:54:20.894+09:00  INFO 50695 --- [    Test worker] p6spy                                    : #1704704060894 | took 4ms | statement | connection 3| url jdbc:h2:mem:testdb

    alter table if exists category 
       add constraint FK2y94svpmqttx80mshyny85wqr 
       foreign key (parent_id) 
       references category

    alter table if exists category 
       add constraint FK2y94svpmqttx80mshyny85wqr 
       foreign key (parent_id) 
       references category;
2024-01-08T17:54:20.894+09:00 DEBUG 50695 --- [    Test worker] org.hibernate.SQL                        : 
    alter table if exists category_item 
       add constraint FKu8b4lwqutcdq3363gf6mlujq 
       foreign key (item_id) 
       references item
2024-01-08T17:54:20.895+09:00  INFO 50695 --- [    Test worker] p6spy                                    : #1704704060895 | took 0ms | statement | connection 3| url jdbc:h2:mem:testdb

    alter table if exists category_item 
       add constraint FKu8b4lwqutcdq3363gf6mlujq 
       foreign key (item_id) 
       references item

    alter table if exists category_item 
       add constraint FKu8b4lwqutcdq3363gf6mlujq 
       foreign key (item_id) 
       references item;
2024-01-08T17:54:20.895+09:00 DEBUG 50695 --- [    Test worker] org.hibernate.SQL                        : 
    alter table if exists category_item 
       add constraint FKcq2n0opf5shyh84ex1fhukcbh 
       foreign key (category_id) 
       references category
2024-01-08T17:54:20.897+09:00  INFO 50695 --- [    Test worker] p6spy                                    : #1704704060897 | took 1ms | statement | connection 3| url jdbc:h2:mem:testdb

    alter table if exists category_item 
       add constraint FKcq2n0opf5shyh84ex1fhukcbh 
       foreign key (category_id) 
       references category

    alter table if exists category_item 
       add constraint FKcq2n0opf5shyh84ex1fhukcbh 
       foreign key (category_id) 
       references category;
2024-01-08T17:54:20.897+09:00 DEBUG 50695 --- [    Test worker] org.hibernate.SQL                        : 
    alter table if exists order_item 
       add constraint FKija6hjjiit8dprnmvtvgdp6ru 
       foreign key (item_id) 
       references item
2024-01-08T17:54:20.898+09:00  INFO 50695 --- [    Test worker] p6spy                                    : #1704704060898 | took 0ms | statement | connection 3| url jdbc:h2:mem:testdb

    alter table if exists order_item 
       add constraint FKija6hjjiit8dprnmvtvgdp6ru 
       foreign key (item_id) 
       references item

    alter table if exists order_item 
       add constraint FKija6hjjiit8dprnmvtvgdp6ru 
       foreign key (item_id) 
       references item;
2024-01-08T17:54:20.898+09:00 DEBUG 50695 --- [    Test worker] org.hibernate.SQL                        : 
    alter table if exists order_item 
       add constraint FKt4dc2r9nbvbujrljv3e23iibt 
       foreign key (order_id) 
       references orders
2024-01-08T17:54:20.900+09:00  INFO 50695 --- [    Test worker] p6spy                                    : #1704704060900 | took 1ms | statement | connection 3| url jdbc:h2:mem:testdb

    alter table if exists order_item 
       add constraint FKt4dc2r9nbvbujrljv3e23iibt 
       foreign key (order_id) 
       references orders

    alter table if exists order_item 
       add constraint FKt4dc2r9nbvbujrljv3e23iibt 
       foreign key (order_id) 
       references orders;
2024-01-08T17:54:20.900+09:00 DEBUG 50695 --- [    Test worker] org.hibernate.SQL                        : 
    alter table if exists orders 
       add constraint FKtkrur7wg4d8ax0pwgo0vmy20c 
       foreign key (delivery_id) 
       references delivery
2024-01-08T17:54:20.901+09:00  INFO 50695 --- [    Test worker] p6spy                                    : #1704704060901 | took 0ms | statement | connection 3| url jdbc:h2:mem:testdb

    alter table if exists orders 
       add constraint FKtkrur7wg4d8ax0pwgo0vmy20c 
       foreign key (delivery_id) 
       references delivery

    alter table if exists orders 
       add constraint FKtkrur7wg4d8ax0pwgo0vmy20c 
       foreign key (delivery_id) 
       references delivery;
2024-01-08T17:54:20.901+09:00 DEBUG 50695 --- [    Test worker] org.hibernate.SQL                        : 
    alter table if exists orders 
       add constraint FKpktxwhj3x9m4gth5ff6bkqgeb 
       foreign key (member_id) 
       references member
2024-01-08T17:54:20.902+09:00  INFO 50695 --- [    Test worker] p6spy                                    : #1704704060902 | took 0ms | statement | connection 3| url jdbc:h2:mem:testdb

    alter table if exists orders 
       add constraint FKpktxwhj3x9m4gth5ff6bkqgeb 
       foreign key (member_id) 
       references member

    alter table if exists orders 
       add constraint FKpktxwhj3x9m4gth5ff6bkqgeb 
       foreign key (member_id) 
       references member;
2024-01-08T17:54:20.904+09:00  INFO 50695 --- [    Test worker] j.LocalContainerEntityManagerFactoryBean : Initialized JPA EntityManagerFactory for persistence unit 'default'
2024-01-08T17:54:21.068+09:00  WARN 50695 --- [    Test worker] JpaBaseConfiguration$JpaWebConfiguration : spring.jpa.open-in-view is enabled by default. Therefore, database queries may be performed during view rendering. Explicitly configure spring.jpa.open-in-view to disable this warning
2024-01-08T17:54:21.190+09:00  INFO 50695 --- [    Test worker] o.s.b.a.w.s.WelcomePageHandlerMapping    : Adding welcome page: class path resource [static/index.html]
2024-01-08T17:54:21.312+09:00  INFO 50695 --- [    Test worker] c.e.j.JpaProjectApplicationTests         : Started JpaProjectApplicationTests in 2.315 seconds (process running for 3.128)
]]></system-out>
  <system-err><![CDATA[]]></system-err>
</testsuite>
